<?xml version="1.0" encoding="UTF-8"?>
<!-- Generated by org.testng.reporters.JUnitReportReporter -->
<testsuite skipped="0" hostname="hp-PC" name="week5.day1.CreateLead" tests="1" failures="0" timestamp="06 Apr 2019 07:38:18 GMT" time="19.718" errors="0">
  <testcase name="cLead" time="19.718" classname="week5.day1.CreateLead"/>
</testsuite> <!-- week5.day1.CreateLead -->
