<?xml version="1.0" encoding="UTF-8"?>
<!-- Generated by org.testng.reporters.JUnitReportReporter -->
<testsuite skipped="2" hostname="hp-PC" name="runner.RunTest" tests="2" failures="0" timestamp="13 Apr 2019 14:15:43 GMT" time="0.484" errors="0">
  <testcase name="runScenario" time="0.437" classname="runner.RunTest">
    <skipped/>
  </testcase> <!-- runScenario -->
  <testcase name="runScenario" time="0.047" classname="runner.RunTest">
    <skipped/>
  </testcase> <!-- runScenario -->
</testsuite> <!-- runner.RunTest -->
